n:\test\lab2\lab2\passthrough\x64\debug\vc143.pdb
n:\test\lab2\lab2\passthrough\x64\debug\passthrough.obj
n:\test\lab2\lab2\passthrough\x64\debug\aes.obj
n:\test\lab2\lab2\passthrough\x64\debug\passthrough\passthrough.cat
n:\test\lab2\lab2\passthrough\x64\debug\passthrough.sys
n:\test\lab2\lab2\passthrough\x64\debug\passthrough.pdb
n:\test\lab2\lab2\passthrough\x64\debug\passthrough.res
n:\test\lab2\lab2\passthrough\x64\debug\passthrough.inf
n:\test\lab2\lab2\passthrough\x64\debug\passthrough.tlog\cl.command.1.tlog
n:\test\lab2\lab2\passthrough\x64\debug\passthrough.tlog\cl.items.tlog
n:\test\lab2\lab2\passthrough\x64\debug\passthrough.tlog\cl.read.1.tlog
n:\test\lab2\lab2\passthrough\x64\debug\passthrough.tlog\cl.write.1.tlog
n:\test\lab2\lab2\passthrough\x64\debug\passthrough.tlog\inf2cat-expand.10112.read.1.tlog
n:\test\lab2\lab2\passthrough\x64\debug\passthrough.tlog\inf2cat-expand.10112.write.1.tlog
n:\test\lab2\lab2\passthrough\x64\debug\passthrough.tlog\inf2cat-expand.16388.read.1.tlog
n:\test\lab2\lab2\passthrough\x64\debug\passthrough.tlog\inf2cat-expand.16388.write.1.tlog
n:\test\lab2\lab2\passthrough\x64\debug\passthrough.tlog\inf2cat-expand.23000.read.1.tlog
n:\test\lab2\lab2\passthrough\x64\debug\passthrough.tlog\inf2cat-expand.23000.write.1.tlog
n:\test\lab2\lab2\passthrough\x64\debug\passthrough.tlog\inf2cat-expand.read.1.tlog
n:\test\lab2\lab2\passthrough\x64\debug\passthrough.tlog\inf2cat-expand.write.1.tlog
n:\test\lab2\lab2\passthrough\x64\debug\passthrough.tlog\inf2cat.command.1.tlog
n:\test\lab2\lab2\passthrough\x64\debug\passthrough.tlog\inf2cat.read.1.tlog
n:\test\lab2\lab2\passthrough\x64\debug\passthrough.tlog\inf2cat.write.1.tlog
n:\test\lab2\lab2\passthrough\x64\debug\passthrough.tlog\link.command.1.tlog
n:\test\lab2\lab2\passthrough\x64\debug\passthrough.tlog\link.read.1.tlog
n:\test\lab2\lab2\passthrough\x64\debug\passthrough.tlog\link.write.1.tlog
n:\test\lab2\lab2\passthrough\x64\debug\passthrough.tlog\rc.command.1.tlog
n:\test\lab2\lab2\passthrough\x64\debug\passthrough.tlog\rc.read.1.tlog
n:\test\lab2\lab2\passthrough\x64\debug\passthrough.tlog\rc.write.1.tlog
n:\test\lab2\lab2\passthrough\x64\debug\passthrough.tlog\signtool.command.1.tlog
n:\test\lab2\lab2\passthrough\x64\debug\passthrough.tlog\signtool.read.1.tlog
n:\test\lab2\lab2\passthrough\x64\debug\passthrough.tlog\signtool.timestamp.1.tlog
n:\test\lab2\lab2\passthrough\x64\debug\passthrough.tlog\signtool.write.1.tlog
n:\test\lab2\lab2\passthrough\x64\debug\passthrough.tlog\stampinf.command.1.tlog
n:\test\lab2\lab2\passthrough\x64\debug\passthrough.tlog\stampinf.read.1.tlog
n:\test\lab2\lab2\passthrough\x64\debug\passthrough.tlog\stampinf.write.1.tlog
