  Building 'passThrough' with toolset 'WindowsKernelModeDriver10.0' and the 'Universal' target platform.
  Stamping x64\Debug\passThrough.inf
  Stamping [Version] section with DriverVer=05/30/2023,9.40.18.942
N:\test\Lab2\lab2\passThrough\passThrough.inf(8-8): warning 1324: [Version] section should specify PnpLockdown=1 to prevent external apps from modifying installed driver files.
N:\test\Lab2\lab2\passThrough\passThrough.inf(74-74): warning 1205: Section [MiniFilter.DriverFiles] referenced from DelFiles and CopyFiles directive.
  aes.c
N:\Program files\visual studio\VC\Tools\MSVC\14.34.31933\include\vcruntime.h(61,26): warning C4083: требуется ")"; обнаружен идентификатор "_VCRUNTIME_DISABLED_WARNINGS"
N:\Program files\visual studio\VC\Tools\MSVC\14.34.31933\include\vcruntime.h(111,1): warning C4005: _CRT_STRINGIZE: изменение макроопределения
N:\Windows Kits\10\Include\10.0.22621.0\km\crt\crtdefs.h(85,1): message : см. предыдущее определение "_CRT_STRINGIZE"
N:\Program files\visual studio\VC\Tools\MSVC\14.34.31933\include\vcruntime.h(114,1): warning C4005: _CRT_WIDE: изменение макроопределения
N:\Windows Kits\10\Include\10.0.22621.0\km\crt\crtdefs.h(88,1): message : см. предыдущее определение "_CRT_WIDE"
N:\Program files\visual studio\VC\Tools\MSVC\14.34.31933\include\vcruntime.h(155,1): warning C4005: __CRTDECL: изменение макроопределения
N:\Windows Kits\10\Include\10.0.22621.0\km\crt\crtdefs.h(640,1): message : см. предыдущее определение "__CRTDECL"
N:\Program files\visual studio\VC\Tools\MSVC\14.34.31933\include\stdint.h(16,26): warning C4083: требуется ")"; обнаружен идентификатор "_VCRUNTIME_DISABLED_WARNINGS"
  passThrough.c
N:\Program files\visual studio\VC\Tools\MSVC\14.34.31933\include\vcruntime.h(61,26): warning C4083: требуется ")"; обнаружен идентификатор "_VCRUNTIME_DISABLED_WARNINGS"
N:\Program files\visual studio\VC\Tools\MSVC\14.34.31933\include\vcruntime.h(111,1): warning C4005: _CRT_STRINGIZE: изменение макроопределения
N:\Windows Kits\10\Include\10.0.22621.0\km\crt\crtdefs.h(85,1): message : см. предыдущее определение "_CRT_STRINGIZE"
N:\Program files\visual studio\VC\Tools\MSVC\14.34.31933\include\vcruntime.h(114,1): warning C4005: _CRT_WIDE: изменение макроопределения
N:\Windows Kits\10\Include\10.0.22621.0\km\crt\crtdefs.h(88,1): message : см. предыдущее определение "_CRT_WIDE"
N:\Program files\visual studio\VC\Tools\MSVC\14.34.31933\include\vcruntime.h(155,1): warning C4005: __CRTDECL: изменение макроопределения
N:\Windows Kits\10\Include\10.0.22621.0\km\crt\crtdefs.h(640,1): message : см. предыдущее определение "__CRTDECL"
N:\Program files\visual studio\VC\Tools\MSVC\14.34.31933\include\stdint.h(16,26): warning C4083: требуется ")"; обнаружен идентификатор "_VCRUNTIME_DISABLED_WARNINGS"
N:\test\Lab2\lab2\passThrough\passThrough.c(870,34): warning C4057: функция: "PCSTR" отличается от "uint8_t [1024]" по косвенному обращению к слегка разным базовым типам
N:\test\Lab2\lab2\passThrough\passThrough.c(899,34): warning C4057: функция: "PCSTR" отличается от "uint8_t [1024]" по косвенному обращению к слегка разным базовым типам
  Создание кода...
  passThrough.vcxproj -> N:\test\Lab2\lab2\passThrough\x64\Debug\passThrough.sys
  Done Adding Additional Store
  Successfully signed: N:\test\Lab2\lab2\passThrough\x64\Debug\passThrough.sys
  
  Driver is 'Universal'.
  ........................
  Signability test complete.
  
  Errors:
  None
  
  Warnings:
  None
  
  Catalog generation complete.
  N:\test\Lab2\lab2\passThrough\x64\Debug\passThrough\passthrough.cat
  Done Adding Additional Store
  Successfully signed: x64\Debug\passThrough\passthrough.cat
  
